This is pdfTeX, Version 3.141592653-2.6-1.40.23 (TeX Live 2021/W32TeX) (preloaded format=pdflatex 2021.12.23)  23 DEC 2022 17:35
entering extended mode
 restricted \write18 enabled.
 %&-line parsing enabled.
**.\d.tex
(c:/texlive/2021/texmf-dist/tex/latex/tools/q.tex
LaTeX2e <2021-11-15> patch level 1
L3 programming layer <2021-11-22> File ignored
)

! LaTeX Error: Missing \begin{document}.

See the LaTeX manual or LaTeX Companion for explanation.
Type  H <return>  for immediate help.
 ...                                              
                                                  
<*> .\d.
        tex
You're in trouble here.  Try typing  <return>  to proceed.
If that doesn't work, type  X <return>  to quit.

LaTeX Font Info:    Trying to load font information for +cmr on input line 0.
LaTeX Font Info:    No file cmr.fd. on input line 0.

LaTeX Font Warning: Font shape `/cmr/m/n' undefined
(Font)              using `/cmr/m/n' instead on input line 0.

! Corrupted NFSS tables.
wrong@fontshape ...message {Corrupted NFSS tables}
                                                  error@fontshape else let f...
<*> .\d.
        tex
This error message was generated by an \errmessage
command, so I can't give any explicit help.
Pretend that you're Hercule Poirot: Examine all clues,
and deduce the truth by order and method.


LaTeX Font Warning: Font shape `/cmr/m/n' undefined
(Font)              using `OT1/cmr/m/n' instead on input line 0.

Missing character: There is no t in font nullfont!
Missing character: There is no e in font nullfont!
Missing character: There is no x in font nullfont!
! Emergency stop.
<*> .\d.tex
           
*** (job aborted, no legal \end found)

 
Here is how much of TeX's memory you used:
 28 strings out of 478353
 554 string characters out of 5852100
 295983 words of memory out of 5000000
 18253 multiletter control sequences out of 15000+600000
 403430 words of font info for 27 fonts, out of 8000000 for 9000
 1141 hyphenation exceptions out of 8191
 23i,4n,32p,87b,95s stack positions out of 5000i,500n,10000p,200000b,80000s
!  ==> Fatal error occurred, no output PDF file produced!
